<?xml version="1.0" encoding="UTF-8"?>
<robot generator="Robot 3.0.4 (Python 3.6.6 on win32)" generated="20211021 10:22:19.991">
<suite id="s1" name="TC03-Test For Patient Data On Account Page" source="C:\Users\asus\Desktop\RobotTestThsis\RobotTestThsis\Project\TC03-Test For Patient Data On Account Page.robot">
<test id="s1-t1" name="Patient should only see their own data on account page">
<kw name="Run Keywords" library="BuiltIn" type="setup">
<doc>Executes all the given keywords in a sequence.</doc>
<arguments>
<arg>Open Browser</arg>
<arg>http://localhost:4200/</arg>
<arg>chrome</arg>
<arg>AND</arg>
<arg>Maximize Browser Window</arg>
</arguments>
<kw name="Open Browser" library="SeleniumLibrary">
<doc>Opens a new browser instance to the given ``url``.</doc>
<arguments>
<arg>http://localhost:4200/</arg>
<arg>chrome</arg>
</arguments>
<msg timestamp="20211021 10:22:20.591" level="INFO">Opening browser 'chrome' to base url 'http://localhost:4200/'.</msg>
<kw name="Capture Page Screenshot" library="SeleniumLibrary">
<doc>Takes screenshot of the current page and embeds it into log file.</doc>
<msg timestamp="20211021 10:22:24.260" level="INFO">Cannot capture screenshot because no browser is open.</msg>
<status status="PASS" starttime="20211021 10:22:24.259" endtime="20211021 10:22:24.260"></status>
</kw>
<msg timestamp="20211021 10:22:24.273" level="FAIL">SessionNotCreatedException: Message: session not created: This version of ChromeDriver only supports Chrome version 93
Current browser version is 95.0.4638.54 with binary path C:\Program Files (x86)\Google\Chrome\Application\chrome.exe
</msg>
<status status="FAIL" starttime="20211021 10:22:20.591" endtime="20211021 10:22:24.273"></status>
</kw>
<status status="FAIL" starttime="20211021 10:22:20.590" endtime="20211021 10:22:24.273"></status>
</kw>
<kw name="Close Browser" library="SeleniumLibrary" type="teardown">
<doc>Closes the current browser.</doc>
<status status="PASS" starttime="20211021 10:22:24.274" endtime="20211021 10:22:24.274"></status>
</kw>
<status status="FAIL" starttime="20211021 10:22:20.589" endtime="20211021 10:22:24.275" critical="yes">Setup failed:
SessionNotCreatedException: Message: session not created: This version of ChromeDriver only supports Chrome version 93
Current browser version is 95.0.4638.54 with binary path C:\Program Files (x86)\Google\Chrome\Application\chrome.exe
</status>
</test>
<status status="FAIL" starttime="20211021 10:22:19.996" endtime="20211021 10:22:24.281"></status>
</suite>
<statistics>
<total>
<stat pass="0" fail="1">Critical Tests</stat>
<stat pass="0" fail="1">All Tests</stat>
</total>
<tag>
</tag>
<suite>
<stat pass="0" fail="1" id="s1" name="TC03-Test For Patient Data On Account Page">TC03-Test For Patient Data On Account Page</stat>
</suite>
</statistics>
<errors>
</errors>
</robot>
